capacitor-cordova-android-plugins/build/intermediates/manifest_merge_blame_file/debug/manifest-merger-blame-debug-report.txt
1<?xml version="1.0" encoding="utf-8"?>
2<manifest xmlns:amazon="http://schemas.amazon.com/apk/res/android"
3    xmlns:android="http://schemas.android.com/apk/res/android"
4    package="capacitor.android.plugins" >
5
6    <uses-sdk
7        android:minSdkVersion="22"
7-->src\main\AndroidManifest.xml
8        android:targetSdkVersion="32" />
8-->src\main\AndroidManifest.xml
9
10    <uses-permission android:name="android.permission.ACCESS_FINE_LOCATION" />
10-->src\main\AndroidManifest.xml:8:1-74
10-->src\main\AndroidManifest.xml:8:18-72
11    <uses-permission android:name="android.permission.BODY_SENSORS" />
11-->src\main\AndroidManifest.xml:9:1-66
11-->src\main\AndroidManifest.xml:9:18-64
12    <uses-permission android:name="android.permission.ACTIVITY_RECOGNITION" />
12-->src\main\AndroidManifest.xml:10:1-74
12-->src\main\AndroidManifest.xml:10:18-72
13    <uses-permission android:name="android.gms.permission.ACTIVITY_RECOGNITION" />
13-->src\main\AndroidManifest.xml:11:1-78
13-->src\main\AndroidManifest.xml:11:18-76
14
15    <queries>
15-->src\main\AndroidManifest.xml:12:1-14:11
16        <package android:name="com.google.android.apps.fitness" />
16-->src\main\AndroidManifest.xml:13:3-60
16-->src\main\AndroidManifest.xml:13:12-58
17    </queries>
18
19    <application>
19-->src\main\AndroidManifest.xml:5:1-7:15
20    </application>
21
22</manifest>